<?xml version="1.0" encoding="UTF-8"?>
<testsuite xmlns:xsi="http://www.w3.org/2001/XMLSchema-instance" xsi:noNamespaceSchemaLocation="https://maven.apache.org/surefire/maven-surefire-plugin/xsd/surefire-test-report-3.0.xsd" version="3.0" name="com.databasetest.DriverDataTest" time="0.026" tests="2" errors="0" skipped="0" failures="0">
  <properties>
[...]
</properties>
  <testcase name="testDriverCreation" classname="com.databasetest.DriverDataTest" time="0.015">
    <system-out><![CDATA[Driver Creation Test executed Successfully -->Driver Created Successfully.
]]></system-out>
  </testcase>
  <testcase name="testDriverLicenseUpdate" classname="com.databasetest.DriverDataTest" time="0.001">
    <system-out><![CDATA[Driver License Test executed Successfully -->License Updated Successfully.
]]></system-out>
  </testcase>
</testsuite>